<?xml version="1.0" encoding="utf-8"?>
<?AutomationStudio Version="4.12.2.93"?>
<Objects>
  <Object
    Path="C:\BRproject\Ag-Rover\Logical\Package.pkg"
    LogicalPath=""
    Type="Package.ParentUnknown"
    LastWriteTime="133645539228066586" />
  <Object
    Path="C:\BRproject\Ag-Rover\Temp\Includes\AS_TempDecl\Config1\GlobalComponents\McElements.var"
    LogicalPath="McElements.var"
    Type="File"
    LastWriteTime="133645541570627390"
    Private="false" />
  <Object
    Path="C:\BRproject\Ag-Rover\Logical\Global.typ"
    LogicalPath="Global.typ"
    Type="File"
    LastWriteTime="133645539225253860"
    Private="false" />
  <Object
    Path="C:\BRproject\Ag-Rover\Logical\Global.var"
    LogicalPath="Global.var"
    Type="File"
    LastWriteTime="133645539225253860"
    Private="false" />
  <Object
    Path="C:\BRproject\Ag-Rover\Logical\Libraries\Package.pkg"
    LogicalPath="Libraries"
    Type="Package"
    LastWriteTime="133645539227663301" />
  <Object
    Path="C:\BRproject\Ag-Rover\Logical\Libraries\operator\binary.lby"
    LogicalPath="Libraries.operator"
    Type="Library"
    LastWriteTime="133645539227966593" />
  <Object
    Path="C:\BRproject\Ag-Rover\Logical\Libraries\operator\operator.fun"
    LogicalPath="Libraries.operator.operator.fun"
    Type="File"
    LastWriteTime="133645539227966593"
    Private="false" />
  <Object
    Path="C:\BRproject\Ag-Rover\Logical\Libraries\operator\operator.typ"
    LogicalPath="Libraries.operator.operator.typ"
    Type="File"
    LastWriteTime="133645539227966593"
    Private="false" />
  <Object
    Path="C:\BRproject\Ag-Rover\Logical\Libraries\operator\operator.var"
    LogicalPath="Libraries.operator.operator.var"
    Type="File"
    LastWriteTime="133645539227966593"
    Private="false" />
  <Object
    Path="C:\BRproject\Ag-Rover\Logical\Libraries\runtime\binary.lby"
    LogicalPath="Libraries.runtime"
    Type="Library"
    LastWriteTime="133645539227966593" />
  <Object
    Path="C:\BRproject\Ag-Rover\Logical\Libraries\runtime\runtime.fun"
    LogicalPath="Libraries.runtime.runtime.fun"
    Type="File"
    LastWriteTime="133645539227966593"
    Private="false" />
  <Object
    Path="C:\BRproject\Ag-Rover\Logical\Libraries\runtime\runtime.typ"
    LogicalPath="Libraries.runtime.runtime.typ"
    Type="File"
    LastWriteTime="133645539227966593"
    Private="false" />
  <Object
    Path="C:\BRproject\Ag-Rover\Logical\Libraries\runtime\runtime.var"
    LogicalPath="Libraries.runtime.runtime.var"
    Type="File"
    LastWriteTime="133645539227966593"
    Private="false" />
  <Object
    Path="C:\BRproject\Ag-Rover\Logical\Libraries\astime\binary.lby"
    LogicalPath="Libraries.astime"
    Type="Library"
    LastWriteTime="133645539227866218" />
  <Object
    Path="C:\BRproject\Ag-Rover\Logical\Libraries\astime\astime.fun"
    LogicalPath="Libraries.astime.astime.fun"
    Type="File"
    LastWriteTime="133645539227866218"
    Private="false" />
  <Object
    Path="C:\BRproject\Ag-Rover\Logical\Libraries\astime\astime.typ"
    LogicalPath="Libraries.astime.astime.typ"
    Type="File"
    LastWriteTime="133645539227866218"
    Private="false" />
  <Object
    Path="C:\BRproject\Ag-Rover\Logical\Libraries\astime\astime.var"
    LogicalPath="Libraries.astime.astime.var"
    Type="File"
    LastWriteTime="133645539227866218"
    Private="false" />
  <Object
    Path="C:\BRproject\Ag-Rover\Logical\Libraries\AsIecCon\binary.lby"
    LogicalPath="Libraries.AsIecCon"
    Type="Library"
    LastWriteTime="133645539225253860" />
  <Object
    Path="C:\BRproject\Ag-Rover\Logical\Libraries\AsIecCon\AsIecCon.fun"
    LogicalPath="Libraries.AsIecCon.AsIecCon.fun"
    Type="File"
    LastWriteTime="133645539225253860"
    Private="false" />
  <Object
    Path="C:\BRproject\Ag-Rover\Logical\Libraries\AsIecCon\AsIecCon.typ"
    LogicalPath="Libraries.AsIecCon.AsIecCon.typ"
    Type="File"
    LastWriteTime="133645539225253860"
    Private="false" />
  <Object
    Path="C:\BRproject\Ag-Rover\Logical\Libraries\AsIecCon\AsIecCon.var"
    LogicalPath="Libraries.AsIecCon.AsIecCon.var"
    Type="File"
    LastWriteTime="133645539225253860"
    Private="false" />
  <Object
    Path="C:\BRproject\Ag-Rover\Logical\Libraries\McBase\binary.lby"
    LogicalPath="Libraries.McBase"
    Type="Library"
    LastWriteTime="133645539227161671" />
  <Object
    Path="C:\BRproject\Ag-Rover\Logical\Libraries\McBase\McBase.typ"
    LogicalPath="Libraries.McBase.McBase.typ"
    Type="File"
    LastWriteTime="133645539226761251"
    Private="false" />
  <Object
    Path="C:\BRproject\Ag-Rover\Logical\Libraries\McBase\McBase.fun"
    LogicalPath="Libraries.McBase.McBase.fun"
    Type="File"
    LastWriteTime="133645539226660691"
    Private="false" />
  <Object
    Path="C:\BRproject\Ag-Rover\Logical\Libraries\McBase\McBase.var"
    LogicalPath="Libraries.McBase.McBase.var"
    Type="File"
    LastWriteTime="133645539226761251"
    Private="false" />
  <Object
    Path="C:\BRproject\Ag-Rover\Logical\Libraries\McBase\McBaseCfg.typ"
    LogicalPath="Libraries.McBase.McBaseCfg.typ"
    Type="File"
    LastWriteTime="133645539226761251"
    Private="false" />
  <Object
    Path="C:\BRproject\Ag-Rover\Logical\Libraries\MpAxis\binary.lby"
    LogicalPath="Libraries.MpAxis"
    Type="Library"
    LastWriteTime="133645539227362890" />
  <Object
    Path="C:\BRproject\Ag-Rover\Logical\Libraries\MpAxis\MpAxis.fun"
    LogicalPath="Libraries.MpAxis.MpAxis.fun"
    Type="File"
    LastWriteTime="133645539227161671"
    Private="false" />
  <Object
    Path="C:\BRproject\Ag-Rover\Logical\Libraries\MpAxis\MpAxis.typ"
    LogicalPath="Libraries.MpAxis.MpAxis.typ"
    Type="File"
    LastWriteTime="133645539227161671"
    Private="false" />
  <Object
    Path="C:\BRproject\Ag-Rover\Logical\Libraries\MpAxis\MpAxisError.typ"
    LogicalPath="Libraries.MpAxis.MpAxisError.typ"
    Type="File"
    LastWriteTime="133645539227161671"
    Private="false" />
  <Object
    Path="C:\BRproject\Ag-Rover\Logical\Libraries\McAxis\binary.lby"
    LogicalPath="Libraries.McAxis"
    Type="Library"
    LastWriteTime="133645539226660691" />
  <Object
    Path="C:\BRproject\Ag-Rover\Logical\Libraries\McAxis\McAxis.typ"
    LogicalPath="Libraries.McAxis.McAxis.typ"
    Type="File"
    LastWriteTime="133645539226560697"
    Private="false" />
  <Object
    Path="C:\BRproject\Ag-Rover\Logical\Libraries\McAxis\McAxis.fun"
    LogicalPath="Libraries.McAxis.McAxis.fun"
    Type="File"
    LastWriteTime="133645539226560697"
    Private="false" />
  <Object
    Path="C:\BRproject\Ag-Rover\Logical\Libraries\McAxis\McAxis.var"
    LogicalPath="Libraries.McAxis.McAxis.var"
    Type="File"
    LastWriteTime="133645539226560697"
    Private="false" />
  <Object
    Path="C:\BRproject\Ag-Rover\Logical\Libraries\McAxis\McAxisCfg.typ"
    LogicalPath="Libraries.McAxis.McAxisCfg.typ"
    Type="File"
    LastWriteTime="133645539226560697"
    Private="false" />
  <Object
    Path="C:\BRproject\Ag-Rover\Logical\Libraries\MpBase\Binary.lby"
    LogicalPath="Libraries.MpBase"
    Type="Library"
    LastWriteTime="133645539227362890" />
  <Object
    Path="C:\BRproject\Ag-Rover\Logical\Libraries\MpBase\MpBase.var"
    LogicalPath="Libraries.MpBase.MpBase.var"
    Type="File"
    LastWriteTime="133645539227362890"
    Private="false" />
  <Object
    Path="C:\BRproject\Ag-Rover\Logical\Libraries\MpBase\MpBase.typ"
    LogicalPath="Libraries.MpBase.MpBase.typ"
    Type="File"
    LastWriteTime="133645539227362890"
    Private="false" />
  <Object
    Path="C:\BRproject\Ag-Rover\Logical\Libraries\MpBase\MpBase.fun"
    LogicalPath="Libraries.MpBase.MpBase.fun"
    Type="File"
    LastWriteTime="133645539227362890"
    Private="false" />
  <Object
    Path="C:\BRproject\Ag-Rover\Logical\Libraries\MpBase\Common_EventLog.tmx"
    LogicalPath="Libraries.MpBase.Common_EventLog.tmx"
    Type="File"
    LastWriteTime="133645539227362890"
    Private="false" />
  <Object
    Path="C:\BRproject\Ag-Rover\Logical\Libraries\McAcpAx\binary.lby"
    LogicalPath="Libraries.McAcpAx"
    Type="Library"
    LastWriteTime="133645539226560697" />
  <Object
    Path="C:\BRproject\Ag-Rover\Logical\Libraries\McAcpAx\McAcpAx.typ"
    LogicalPath="Libraries.McAcpAx.McAcpAx.typ"
    Type="File"
    LastWriteTime="133645539225354164"
    Private="false" />
  <Object
    Path="C:\BRproject\Ag-Rover\Logical\Libraries\McAcpAx\McAcpAx.fun"
    LogicalPath="Libraries.McAcpAx.McAcpAx.fun"
    Type="File"
    LastWriteTime="133645539225253860"
    Private="false" />
  <Object
    Path="C:\BRproject\Ag-Rover\Logical\Libraries\McAcpAx\McAcpAx.var"
    LogicalPath="Libraries.McAcpAx.McAcpAx.var"
    Type="File"
    LastWriteTime="133645539225354164"
    Private="false" />
  <Object
    Path="C:\BRproject\Ag-Rover\Logical\Libraries\McAcpAx\McAcpAxCfg.typ"
    LogicalPath="Libraries.McAcpAx.McAcpAxCfg.typ"
    Type="File"
    LastWriteTime="133645539225354164"
    Private="false" />
  <Object
    Path="C:\BRproject\Ag-Rover\Logical\Libraries\standard\binary.lby"
    LogicalPath="Libraries.standard"
    Type="Library"
    LastWriteTime="133645539228066586" />
  <Object
    Path="C:\BRproject\Ag-Rover\Logical\Libraries\standard\standard.fun"
    LogicalPath="Libraries.standard.standard.fun"
    Type="File"
    LastWriteTime="133645539228066586"
    Private="false" />
  <Object
    Path="C:\BRproject\Ag-Rover\Logical\Libraries\standard\standard.typ"
    LogicalPath="Libraries.standard.standard.typ"
    Type="File"
    LastWriteTime="133645539228066586"
    Private="false" />
  <Object
    Path="C:\BRproject\Ag-Rover\Logical\Libraries\standard\standard.var"
    LogicalPath="Libraries.standard.standard.var"
    Type="File"
    LastWriteTime="133645539228066586"
    Private="false" />
  <Object
    Path="C:\BRproject\Ag-Rover\Logical\servo\IEC.prg"
    LogicalPath="servo"
    Type="Program"
    LastWriteTime="133645539229170002" />
  <Object
    Path="C:\BRproject\Ag-Rover\Logical\servo\Main.st"
    LogicalPath="servo.Main.st"
    Type="File"
    LastWriteTime="133645539229170002"
    Private="false" />
  <Object
    Path="C:\BRproject\Ag-Rover\Logical\servo\Types.typ"
    LogicalPath="servo.Types.typ"
    Type="File"
    LastWriteTime="133645539229170002"
    Private="true" />
  <Object
    Path="C:\BRproject\Ag-Rover\Logical\servo\Variables.var"
    LogicalPath="servo.Variables.var"
    Type="File"
    LastWriteTime="133645539229170002"
    Private="true" />
  <Object
    Path="C:\BRproject\Ag-Rover\Logical\mappView\Package.pkg"
    LogicalPath="mappView"
    Type="Package"
    LastWriteTime="133645539228066586" />
  <Object
    Path="C:\BRproject\Ag-Rover\Logical\mappView\Layouts\Package.pkg"
    LogicalPath="mappView.Layouts"
    Type="Package"
    LastWriteTime="133645539228066586" />
  <Object
    Path="C:\BRproject\Ag-Rover\Logical\mappView\Widgets\Package.pkg"
    LogicalPath="mappView.Widgets"
    Type="Package"
    LastWriteTime="133645539229170002" />
  <Object
    Path="C:\BRproject\Ag-Rover\Logical\mappView\Resources\Package.pkg"
    LogicalPath="mappView.Resources"
    Type="Package"
    LastWriteTime="133645539229070053" />
  <Object
    Path="C:\BRproject\Ag-Rover\Logical\mappView\Resources\Texts\Package.pkg"
    LogicalPath="mappView.Resources.Texts"
    Type="Package"
    LastWriteTime="133645539229070053" />
  <Object
    Path="C:\BRproject\Ag-Rover\Logical\mappView\Resources\Snippets\Package.pkg"
    LogicalPath="mappView.Resources.Snippets"
    Type="Package"
    LastWriteTime="133645539229070053" />
  <Object
    Path="C:\BRproject\Ag-Rover\Logical\mappView\Resources\Themes\Package.pkg"
    LogicalPath="mappView.Resources.Themes"
    Type="Package"
    LastWriteTime="133645539229070053" />
  <Object
    Path="C:\BRproject\Ag-Rover\Logical\mappView\Resources\Media\Package.pkg"
    LogicalPath="mappView.Resources.Media"
    Type="Package"
    LastWriteTime="133645539228066586" />
  <Object
    Path="C:\BRproject\Ag-Rover\Logical\mappView\Resources\Media\speaker-filled-audio-tool_59284.png"
    LogicalPath="mappView.Resources.Media.speaker-filled-audio-tool_59284.png"
    Type="File"
    LastWriteTime="133645539229070053"
    Private="false" />
  <Object
    Path="C:\BRproject\Ag-Rover\Logical\mappView\Resources\Media\SymbolLib\Package.pkg"
    LogicalPath="mappView.Resources.Media.SymbolLib"
    Type="Package"
    LastWriteTime="133645539228668229" />
  <Object
    Path="C:\BRproject\Ag-Rover\Logical\mappView\Resources\Media\SymbolLib\Alarm\Package.pkg"
    LogicalPath="mappView.Resources.Media.SymbolLib.Alarm"
    Type="Package"
    LastWriteTime="133645539228066586" />
  <Object
    Path="C:\BRproject\Ag-Rover\Logical\mappView\Resources\Media\SymbolLib\Alarm\Acknowledge.svg"
    LogicalPath="mappView.Resources.Media.SymbolLib.Alarm.Acknowledge.svg"
    Type="File"
    LastWriteTime="133645539228066586"
    Private="false" />
  <Object
    Path="C:\BRproject\Ag-Rover\Logical\mappView\Resources\Media\SymbolLib\Alarm\Alarm.svg"
    LogicalPath="mappView.Resources.Media.SymbolLib.Alarm.Alarm.svg"
    Type="File"
    LastWriteTime="133645539228066586"
    Private="false" />
  <Object
    Path="C:\BRproject\Ag-Rover\Logical\mappView\Resources\Media\SymbolLib\Alarm\AlarmHistory.svg"
    LogicalPath="mappView.Resources.Media.SymbolLib.Alarm.AlarmHistory.svg"
    Type="File"
    LastWriteTime="133645539228066586"
    Private="false" />
  <Object
    Path="C:\BRproject\Ag-Rover\Logical\mappView\Resources\Media\SymbolLib\Alarm\Error.svg"
    LogicalPath="mappView.Resources.Media.SymbolLib.Alarm.Error.svg"
    Type="File"
    LastWriteTime="133645539228066586"
    Private="false" />
  <Object
    Path="C:\BRproject\Ag-Rover\Logical\mappView\Resources\Media\SymbolLib\Arrow\Package.pkg"
    LogicalPath="mappView.Resources.Media.SymbolLib.Arrow"
    Type="Package"
    LastWriteTime="133645539228166592" />
  <Object
    Path="C:\BRproject\Ag-Rover\Logical\mappView\Resources\Media\SymbolLib\Arrow\ArrowDown.svg"
    LogicalPath="mappView.Resources.Media.SymbolLib.Arrow.ArrowDown.svg"
    Type="File"
    LastWriteTime="133645539228066586"
    Private="false" />
  <Object
    Path="C:\BRproject\Ag-Rover\Logical\mappView\Resources\Media\SymbolLib\Arrow\ArrowLeft.svg"
    LogicalPath="mappView.Resources.Media.SymbolLib.Arrow.ArrowLeft.svg"
    Type="File"
    LastWriteTime="133645539228066586"
    Private="false" />
  <Object
    Path="C:\BRproject\Ag-Rover\Logical\mappView\Resources\Media\SymbolLib\Arrow\ArrowRight.svg"
    LogicalPath="mappView.Resources.Media.SymbolLib.Arrow.ArrowRight.svg"
    Type="File"
    LastWriteTime="133645539228066586"
    Private="false" />
  <Object
    Path="C:\BRproject\Ag-Rover\Logical\mappView\Resources\Media\SymbolLib\Arrow\ArrowUp.svg"
    LogicalPath="mappView.Resources.Media.SymbolLib.Arrow.ArrowUp.svg"
    Type="File"
    LastWriteTime="133645539228166592"
    Private="false" />
  <Object
    Path="C:\BRproject\Ag-Rover\Logical\mappView\Resources\Media\SymbolLib\Arrow\Back.svg"
    LogicalPath="mappView.Resources.Media.SymbolLib.Arrow.Back.svg"
    Type="File"
    LastWriteTime="133645539228166592"
    Private="false" />
  <Object
    Path="C:\BRproject\Ag-Rover\Logical\mappView\Resources\Media\SymbolLib\Arrow\Down2.svg"
    LogicalPath="mappView.Resources.Media.SymbolLib.Arrow.Down2.svg"
    Type="File"
    LastWriteTime="133645539228166592"
    Private="false" />
  <Object
    Path="C:\BRproject\Ag-Rover\Logical\mappView\Resources\Media\SymbolLib\Arrow\Down1.svg"
    LogicalPath="mappView.Resources.Media.SymbolLib.Arrow.Down1.svg"
    Type="File"
    LastWriteTime="133645539228166592"
    Private="false" />
  <Object
    Path="C:\BRproject\Ag-Rover\Logical\mappView\Resources\Media\SymbolLib\Arrow\Down3.svg"
    LogicalPath="mappView.Resources.Media.SymbolLib.Arrow.Down3.svg"
    Type="File"
    LastWriteTime="133645539228166592"
    Private="false" />
  <Object
    Path="C:\BRproject\Ag-Rover\Logical\mappView\Resources\Media\SymbolLib\Arrow\Forward.svg"
    LogicalPath="mappView.Resources.Media.SymbolLib.Arrow.Forward.svg"
    Type="File"
    LastWriteTime="133645539228166592"
    Private="false" />
  <Object
    Path="C:\BRproject\Ag-Rover\Logical\mappView\Resources\Media\SymbolLib\Arrow\Up1.svg"
    LogicalPath="mappView.Resources.Media.SymbolLib.Arrow.Up1.svg"
    Type="File"
    LastWriteTime="133645539228166592"
    Private="false" />
  <Object
    Path="C:\BRproject\Ag-Rover\Logical\mappView\Resources\Media\SymbolLib\Arrow\Up2.svg"
    LogicalPath="mappView.Resources.Media.SymbolLib.Arrow.Up2.svg"
    Type="File"
    LastWriteTime="133645539228166592"
    Private="false" />
  <Object
    Path="C:\BRproject\Ag-Rover\Logical\mappView\Resources\Media\SymbolLib\Arrow\Up3.svg"
    LogicalPath="mappView.Resources.Media.SymbolLib.Arrow.Up3.svg"
    Type="File"
    LastWriteTime="133645539228166592"
    Private="false" />
  <Object
    Path="C:\BRproject\Ag-Rover\Logical\mappView\Resources\Media\SymbolLib\Communication\Package.pkg"
    LogicalPath="mappView.Resources.Media.SymbolLib.Communication"
    Type="Package"
    LastWriteTime="133645539228166592" />
  <Object
    Path="C:\BRproject\Ag-Rover\Logical\mappView\Resources\Media\SymbolLib\Communication\ConnectionFail.svg"
    LogicalPath="mappView.Resources.Media.SymbolLib.Communication.ConnectionFail.svg"
    Type="File"
    LastWriteTime="133645539228166592"
    Private="false" />
  <Object
    Path="C:\BRproject\Ag-Rover\Logical\mappView\Resources\Media\SymbolLib\Communication\ConnectionOK.svg"
    LogicalPath="mappView.Resources.Media.SymbolLib.Communication.ConnectionOK.svg"
    Type="File"
    LastWriteTime="133645539228166592"
    Private="false" />
  <Object
    Path="C:\BRproject\Ag-Rover\Logical\mappView\Resources\Media\SymbolLib\Communication\Network.svg"
    LogicalPath="mappView.Resources.Media.SymbolLib.Communication.Network.svg"
    Type="File"
    LastWriteTime="133645539228166592"
    Private="false" />
  <Object
    Path="C:\BRproject\Ag-Rover\Logical\mappView\Resources\Media\SymbolLib\DateTime\Package.pkg"
    LogicalPath="mappView.Resources.Media.SymbolLib.DateTime"
    Type="Package"
    LastWriteTime="133645539228267448" />
  <Object
    Path="C:\BRproject\Ag-Rover\Logical\mappView\Resources\Media\SymbolLib\DateTime\Calendar.svg"
    LogicalPath="mappView.Resources.Media.SymbolLib.DateTime.Calendar.svg"
    Type="File"
    LastWriteTime="133645539228166592"
    Private="false" />
  <Object
    Path="C:\BRproject\Ag-Rover\Logical\mappView\Resources\Media\SymbolLib\DateTime\Clock.svg"
    LogicalPath="mappView.Resources.Media.SymbolLib.DateTime.Clock.svg"
    Type="File"
    LastWriteTime="133645539228166592"
    Private="false" />
  <Object
    Path="C:\BRproject\Ag-Rover\Logical\mappView\Resources\Media\SymbolLib\DateTime\Date.svg"
    LogicalPath="mappView.Resources.Media.SymbolLib.DateTime.Date.svg"
    Type="File"
    LastWriteTime="133645539228267448"
    Private="false" />
  <Object
    Path="C:\BRproject\Ag-Rover\Logical\mappView\Resources\Media\SymbolLib\Diagnostic\Package.pkg"
    LogicalPath="mappView.Resources.Media.SymbolLib.Diagnostic"
    Type="Package"
    LastWriteTime="133645539228267448" />
  <Object
    Path="C:\BRproject\Ag-Rover\Logical\mappView\Resources\Media\SymbolLib\Diagnostic\Diagnostics.svg"
    LogicalPath="mappView.Resources.Media.SymbolLib.Diagnostic.Diagnostics.svg"
    Type="File"
    LastWriteTime="133645539228267448"
    Private="false" />
  <Object
    Path="C:\BRproject\Ag-Rover\Logical\mappView\Resources\Media\SymbolLib\DisplayAndTouch\Package.pkg"
    LogicalPath="mappView.Resources.Media.SymbolLib.DisplayAndTouch"
    Type="Package"
    LastWriteTime="133645539228267448" />
  <Object
    Path="C:\BRproject\Ag-Rover\Logical\mappView\Resources\Media\SymbolLib\DisplayAndTouch\Calibrate.svg"
    LogicalPath="mappView.Resources.Media.SymbolLib.DisplayAndTouch.Calibrate.svg"
    Type="File"
    LastWriteTime="133645539228267448"
    Private="false" />
  <Object
    Path="C:\BRproject\Ag-Rover\Logical\mappView\Resources\Media\SymbolLib\DisplayAndTouch\Contrast.svg"
    LogicalPath="mappView.Resources.Media.SymbolLib.DisplayAndTouch.Contrast.svg"
    Type="File"
    LastWriteTime="133645539228267448"
    Private="false" />
  <Object
    Path="C:\BRproject\Ag-Rover\Logical\mappView\Resources\Media\SymbolLib\DisplayAndTouch\Lightness.svg"
    LogicalPath="mappView.Resources.Media.SymbolLib.DisplayAndTouch.Lightness.svg"
    Type="File"
    LastWriteTime="133645539228267448"
    Private="false" />
  <Object
    Path="C:\BRproject\Ag-Rover\Logical\mappView\Resources\Media\SymbolLib\Edit\Package.pkg"
    LogicalPath="mappView.Resources.Media.SymbolLib.Edit"
    Type="Package"
    LastWriteTime="133645539228367815" />
  <Object
    Path="C:\BRproject\Ag-Rover\Logical\mappView\Resources\Media\SymbolLib\Edit\Add.svg"
    LogicalPath="mappView.Resources.Media.SymbolLib.Edit.Add.svg"
    Type="File"
    LastWriteTime="133645539228267448"
    Private="false" />
  <Object
    Path="C:\BRproject\Ag-Rover\Logical\mappView\Resources\Media\SymbolLib\Edit\Character.svg"
    LogicalPath="mappView.Resources.Media.SymbolLib.Edit.Character.svg"
    Type="File"
    LastWriteTime="133645539228267448"
    Private="false" />
  <Object
    Path="C:\BRproject\Ag-Rover\Logical\mappView\Resources\Media\SymbolLib\Edit\Close.svg"
    LogicalPath="mappView.Resources.Media.SymbolLib.Edit.Close.svg"
    Type="File"
    LastWriteTime="133645539228267448"
    Private="false" />
  <Object
    Path="C:\BRproject\Ag-Rover\Logical\mappView\Resources\Media\SymbolLib\Edit\Copy.svg"
    LogicalPath="mappView.Resources.Media.SymbolLib.Edit.Copy.svg"
    Type="File"
    LastWriteTime="133645539228267448"
    Private="false" />
  <Object
    Path="C:\BRproject\Ag-Rover\Logical\mappView\Resources\Media\SymbolLib\Edit\Cut.svg"
    LogicalPath="mappView.Resources.Media.SymbolLib.Edit.Cut.svg"
    Type="File"
    LastWriteTime="133645539228267448"
    Private="false" />
  <Object
    Path="C:\BRproject\Ag-Rover\Logical\mappView\Resources\Media\SymbolLib\Edit\Delete.svg"
    LogicalPath="mappView.Resources.Media.SymbolLib.Edit.Delete.svg"
    Type="File"
    LastWriteTime="133645539228267448"
    Private="false" />
  <Object
    Path="C:\BRproject\Ag-Rover\Logical\mappView\Resources\Media\SymbolLib\Edit\Edit.svg"
    LogicalPath="mappView.Resources.Media.SymbolLib.Edit.Edit.svg"
    Type="File"
    LastWriteTime="133645539228267448"
    Private="false" />
  <Object
    Path="C:\BRproject\Ag-Rover\Logical\mappView\Resources\Media\SymbolLib\Edit\Favorite.svg"
    LogicalPath="mappView.Resources.Media.SymbolLib.Edit.Favorite.svg"
    Type="File"
    LastWriteTime="133645539228267448"
    Private="false" />
  <Object
    Path="C:\BRproject\Ag-Rover\Logical\mappView\Resources\Media\SymbolLib\Edit\Help.svg"
    LogicalPath="mappView.Resources.Media.SymbolLib.Edit.Help.svg"
    Type="File"
    LastWriteTime="133645539228367815"
    Private="false" />
  <Object
    Path="C:\BRproject\Ag-Rover\Logical\mappView\Resources\Media\SymbolLib\Edit\Information.svg"
    LogicalPath="mappView.Resources.Media.SymbolLib.Edit.Information.svg"
    Type="File"
    LastWriteTime="133645539228367815"
    Private="false" />
  <Object
    Path="C:\BRproject\Ag-Rover\Logical\mappView\Resources\Media\SymbolLib\Edit\Insert.svg"
    LogicalPath="mappView.Resources.Media.SymbolLib.Edit.Insert.svg"
    Type="File"
    LastWriteTime="133645539228367815"
    Private="false" />
  <Object
    Path="C:\BRproject\Ag-Rover\Logical\mappView\Resources\Media\SymbolLib\Edit\Maximize.svg"
    LogicalPath="mappView.Resources.Media.SymbolLib.Edit.Maximize.svg"
    Type="File"
    LastWriteTime="133645539228367815"
    Private="false" />
  <Object
    Path="C:\BRproject\Ag-Rover\Logical\mappView\Resources\Media\SymbolLib\Edit\Minimize.svg"
    LogicalPath="mappView.Resources.Media.SymbolLib.Edit.Minimize.svg"
    Type="File"
    LastWriteTime="133645539228367815"
    Private="false" />
  <Object
    Path="C:\BRproject\Ag-Rover\Logical\mappView\Resources\Media\SymbolLib\Edit\New.svg"
    LogicalPath="mappView.Resources.Media.SymbolLib.Edit.New.svg"
    Type="File"
    LastWriteTime="133645539228367815"
    Private="false" />
  <Object
    Path="C:\BRproject\Ag-Rover\Logical\mappView\Resources\Media\SymbolLib\Edit\Number.svg"
    LogicalPath="mappView.Resources.Media.SymbolLib.Edit.Number.svg"
    Type="File"
    LastWriteTime="133645539228367815"
    Private="false" />
  <Object
    Path="C:\BRproject\Ag-Rover\Logical\mappView\Resources\Media\SymbolLib\Edit\Open.svg"
    LogicalPath="mappView.Resources.Media.SymbolLib.Edit.Open.svg"
    Type="File"
    LastWriteTime="133645539228367815"
    Private="false" />
  <Object
    Path="C:\BRproject\Ag-Rover\Logical\mappView\Resources\Media\SymbolLib\Edit\Pin.svg"
    LogicalPath="mappView.Resources.Media.SymbolLib.Edit.Pin.svg"
    Type="File"
    LastWriteTime="133645539228367815"
    Private="false" />
  <Object
    Path="C:\BRproject\Ag-Rover\Logical\mappView\Resources\Media\SymbolLib\Edit\Pin2.svg"
    LogicalPath="mappView.Resources.Media.SymbolLib.Edit.Pin2.svg"
    Type="File"
    LastWriteTime="133645539228367815"
    Private="false" />
  <Object
    Path="C:\BRproject\Ag-Rover\Logical\mappView\Resources\Media\SymbolLib\Edit\Redo.svg"
    LogicalPath="mappView.Resources.Media.SymbolLib.Edit.Redo.svg"
    Type="File"
    LastWriteTime="133645539228367815"
    Private="false" />
  <Object
    Path="C:\BRproject\Ag-Rover\Logical\mappView\Resources\Media\SymbolLib\Edit\Save.svg"
    LogicalPath="mappView.Resources.Media.SymbolLib.Edit.Save.svg"
    Type="File"
    LastWriteTime="133645539228367815"
    Private="false" />
  <Object
    Path="C:\BRproject\Ag-Rover\Logical\mappView\Resources\Media\SymbolLib\Edit\Undo.svg"
    LogicalPath="mappView.Resources.Media.SymbolLib.Edit.Undo.svg"
    Type="File"
    LastWriteTime="133645539228367815"
    Private="false" />
  <Object
    Path="C:\BRproject\Ag-Rover\Logical\mappView\Resources\Media\SymbolLib\Edit\ZoomIn.svg"
    LogicalPath="mappView.Resources.Media.SymbolLib.Edit.ZoomIn.svg"
    Type="File"
    LastWriteTime="133645539228367815"
    Private="false" />
  <Object
    Path="C:\BRproject\Ag-Rover\Logical\mappView\Resources\Media\SymbolLib\Edit\ZoomOut.svg"
    LogicalPath="mappView.Resources.Media.SymbolLib.Edit.ZoomOut.svg"
    Type="File"
    LastWriteTime="133645539228367815"
    Private="false" />
  <Object
    Path="C:\BRproject\Ag-Rover\Logical\mappView\Resources\Media\SymbolLib\File\Package.pkg"
    LogicalPath="mappView.Resources.Media.SymbolLib.File"
    Type="Package"
    LastWriteTime="133645539228468221" />
  <Object
    Path="C:\BRproject\Ag-Rover\Logical\mappView\Resources\Media\SymbolLib\File\File.svg"
    LogicalPath="mappView.Resources.Media.SymbolLib.File.File.svg"
    Type="File"
    LastWriteTime="133645539228367815"
    Private="false" />
  <Object
    Path="C:\BRproject\Ag-Rover\Logical\mappView\Resources\Media\SymbolLib\File\Files.svg"
    LogicalPath="mappView.Resources.Media.SymbolLib.File.Files.svg"
    Type="File"
    LastWriteTime="133645539228367815"
    Private="false" />
  <Object
    Path="C:\BRproject\Ag-Rover\Logical\mappView\Resources\Media\SymbolLib\File\Package.svg"
    LogicalPath="mappView.Resources.Media.SymbolLib.File.Package.svg"
    Type="File"
    LastWriteTime="133645539228468221"
    Private="false" />
  <Object
    Path="C:\BRproject\Ag-Rover\Logical\mappView\Resources\Media\SymbolLib\File\Recipe.svg"
    LogicalPath="mappView.Resources.Media.SymbolLib.File.Recipe.svg"
    Type="File"
    LastWriteTime="133645539228468221"
    Private="false" />
  <Object
    Path="C:\BRproject\Ag-Rover\Logical\mappView\Resources\Media\SymbolLib\File\Search.svg"
    LogicalPath="mappView.Resources.Media.SymbolLib.File.Search.svg"
    Type="File"
    LastWriteTime="133645539228468221"
    Private="false" />
  <Object
    Path="C:\BRproject\Ag-Rover\Logical\mappView\Resources\Media\SymbolLib\Localize\Package.pkg"
    LogicalPath="mappView.Resources.Media.SymbolLib.Localize"
    Type="Package"
    LastWriteTime="133645539228468221" />
  <Object
    Path="C:\BRproject\Ag-Rover\Logical\mappView\Resources\Media\SymbolLib\Localize\Browser.svg"
    LogicalPath="mappView.Resources.Media.SymbolLib.Localize.Browser.svg"
    Type="File"
    LastWriteTime="133645539228468221"
    Private="false" />
  <Object
    Path="C:\BRproject\Ag-Rover\Logical\mappView\Resources\Media\SymbolLib\Localize\China.svg"
    LogicalPath="mappView.Resources.Media.SymbolLib.Localize.China.svg"
    Type="File"
    LastWriteTime="133645539228468221"
    Private="false" />
  <Object
    Path="C:\BRproject\Ag-Rover\Logical\mappView\Resources\Media\SymbolLib\Localize\Flag.svg"
    LogicalPath="mappView.Resources.Media.SymbolLib.Localize.Flag.svg"
    Type="File"
    LastWriteTime="133645539228468221"
    Private="false" />
  <Object
    Path="C:\BRproject\Ag-Rover\Logical\mappView\Resources\Media\SymbolLib\Localize\France.svg"
    LogicalPath="mappView.Resources.Media.SymbolLib.Localize.France.svg"
    Type="File"
    LastWriteTime="133645539228468221"
    Private="false" />
  <Object
    Path="C:\BRproject\Ag-Rover\Logical\mappView\Resources\Media\SymbolLib\Localize\Germany.svg"
    LogicalPath="mappView.Resources.Media.SymbolLib.Localize.Germany.svg"
    Type="File"
    LastWriteTime="133645539228468221"
    Private="false" />
  <Object
    Path="C:\BRproject\Ag-Rover\Logical\mappView\Resources\Media\SymbolLib\Localize\GreatBritain.svg"
    LogicalPath="mappView.Resources.Media.SymbolLib.Localize.GreatBritain.svg"
    Type="File"
    LastWriteTime="133645539228468221"
    Private="false" />
  <Object
    Path="C:\BRproject\Ag-Rover\Logical\mappView\Resources\Media\SymbolLib\Localize\Italy.svg"
    LogicalPath="mappView.Resources.Media.SymbolLib.Localize.Italy.svg"
    Type="File"
    LastWriteTime="133645539228468221"
    Private="false" />
  <Object
    Path="C:\BRproject\Ag-Rover\Logical\mappView\Resources\Media\SymbolLib\Localize\Language.svg"
    LogicalPath="mappView.Resources.Media.SymbolLib.Localize.Language.svg"
    Type="File"
    LastWriteTime="133645539228468221"
    Private="false" />
  <Object
    Path="C:\BRproject\Ag-Rover\Logical\mappView\Resources\Media\SymbolLib\Localize\Portugal.svg"
    LogicalPath="mappView.Resources.Media.SymbolLib.Localize.Portugal.svg"
    Type="File"
    LastWriteTime="133645539228468221"
    Private="false" />
  <Object
    Path="C:\BRproject\Ag-Rover\Logical\mappView\Resources\Media\SymbolLib\Localize\Russia.svg"
    LogicalPath="mappView.Resources.Media.SymbolLib.Localize.Russia.svg"
    Type="File"
    LastWriteTime="133645539228468221"
    Private="false" />
  <Object
    Path="C:\BRproject\Ag-Rover\Logical\mappView\Resources\Media\SymbolLib\Localize\Spain.svg"
    LogicalPath="mappView.Resources.Media.SymbolLib.Localize.Spain.svg"
    Type="File"
    LastWriteTime="133645539228568328"
    Private="false" />
  <Object
    Path="C:\BRproject\Ag-Rover\Logical\mappView\Resources\Media\SymbolLib\Localize\UK.svg"
    LogicalPath="mappView.Resources.Media.SymbolLib.Localize.UK.svg"
    Type="File"
    LastWriteTime="133645539228568328"
    Private="false" />
  <Object
    Path="C:\BRproject\Ag-Rover\Logical\mappView\Resources\Media\SymbolLib\Localize\USA.svg"
    LogicalPath="mappView.Resources.Media.SymbolLib.Localize.USA.svg"
    Type="File"
    LastWriteTime="133645539228568328"
    Private="false" />
  <Object
    Path="C:\BRproject\Ag-Rover\Logical\mappView\Resources\Media\SymbolLib\Media\Package.pkg"
    LogicalPath="mappView.Resources.Media.SymbolLib.Media"
    Type="Package"
    LastWriteTime="133645539228568328" />
  <Object
    Path="C:\BRproject\Ag-Rover\Logical\mappView\Resources\Media\SymbolLib\Media\FastForward.svg"
    LogicalPath="mappView.Resources.Media.SymbolLib.Media.FastForward.svg"
    Type="File"
    LastWriteTime="133645539228568328"
    Private="false" />
  <Object
    Path="C:\BRproject\Ag-Rover\Logical\mappView\Resources\Media\SymbolLib\Media\FastForwardStop.svg"
    LogicalPath="mappView.Resources.Media.SymbolLib.Media.FastForwardStop.svg"
    Type="File"
    LastWriteTime="133645539228568328"
    Private="false" />
  <Object
    Path="C:\BRproject\Ag-Rover\Logical\mappView\Resources\Media\SymbolLib\Media\FastRewind.svg"
    LogicalPath="mappView.Resources.Media.SymbolLib.Media.FastRewind.svg"
    Type="File"
    LastWriteTime="133645539228568328"
    Private="false" />
  <Object
    Path="C:\BRproject\Ag-Rover\Logical\mappView\Resources\Media\SymbolLib\Media\FastRewindStop.svg"
    LogicalPath="mappView.Resources.Media.SymbolLib.Media.FastRewindStop.svg"
    Type="File"
    LastWriteTime="133645539228568328"
    Private="false" />
  <Object
    Path="C:\BRproject\Ag-Rover\Logical\mappView\Resources\Media\SymbolLib\Media\ForwardStop.svg"
    LogicalPath="mappView.Resources.Media.SymbolLib.Media.ForwardStop.svg"
    Type="File"
    LastWriteTime="133645539228568328"
    Private="false" />
  <Object
    Path="C:\BRproject\Ag-Rover\Logical\mappView\Resources\Media\SymbolLib\Media\Pause.svg"
    LogicalPath="mappView.Resources.Media.SymbolLib.Media.Pause.svg"
    Type="File"
    LastWriteTime="133645539228568328"
    Private="false" />
  <Object
    Path="C:\BRproject\Ag-Rover\Logical\mappView\Resources\Media\SymbolLib\Media\Play.svg"
    LogicalPath="mappView.Resources.Media.SymbolLib.Media.Play.svg"
    Type="File"
    LastWriteTime="133645539228568328"
    Private="false" />
  <Object
    Path="C:\BRproject\Ag-Rover\Logical\mappView\Resources\Media\SymbolLib\Media\RewindStop.svg"
    LogicalPath="mappView.Resources.Media.SymbolLib.Media.RewindStop.svg"
    Type="File"
    LastWriteTime="133645539228568328"
    Private="false" />
  <Object
    Path="C:\BRproject\Ag-Rover\Logical\mappView\Resources\Media\SymbolLib\Media\Stop.svg"
    LogicalPath="mappView.Resources.Media.SymbolLib.Media.Stop.svg"
    Type="File"
    LastWriteTime="133645539228568328"
    Private="false" />
  <Object
    Path="C:\BRproject\Ag-Rover\Logical\mappView\Resources\Media\SymbolLib\Media\Video.svg"
    LogicalPath="mappView.Resources.Media.SymbolLib.Media.Video.svg"
    Type="File"
    LastWriteTime="133645539228568328"
    Private="false" />
  <Object
    Path="C:\BRproject\Ag-Rover\Logical\mappView\Resources\Media\SymbolLib\Needle\Package.pkg"
    LogicalPath="mappView.Resources.Media.SymbolLib.Needle"
    Type="Package"
    LastWriteTime="133645539228668229" />
  <Object
    Path="C:\BRproject\Ag-Rover\Logical\mappView\Resources\Media\SymbolLib\Needle\Needle1long.svg"
    LogicalPath="mappView.Resources.Media.SymbolLib.Needle.Needle1long.svg"
    Type="File"
    LastWriteTime="133645539228568328"
    Private="false" />
  <Object
    Path="C:\BRproject\Ag-Rover\Logical\mappView\Resources\Media\SymbolLib\Needle\Needle1short.svg"
    LogicalPath="mappView.Resources.Media.SymbolLib.Needle.Needle1short.svg"
    Type="File"
    LastWriteTime="133645539228568328"
    Private="false" />
  <Object
    Path="C:\BRproject\Ag-Rover\Logical\mappView\Resources\Media\SymbolLib\Needle\Needle2long.svg"
    LogicalPath="mappView.Resources.Media.SymbolLib.Needle.Needle2long.svg"
    Type="File"
    LastWriteTime="133645539228568328"
    Private="false" />
  <Object
    Path="C:\BRproject\Ag-Rover\Logical\mappView\Resources\Media\SymbolLib\Needle\Needle2short.svg"
    LogicalPath="mappView.Resources.Media.SymbolLib.Needle.Needle2short.svg"
    Type="File"
    LastWriteTime="133645539228668229"
    Private="false" />
  <Object
    Path="C:\BRproject\Ag-Rover\Logical\mappView\Resources\Media\SymbolLib\Needle\Needle3long.svg"
    LogicalPath="mappView.Resources.Media.SymbolLib.Needle.Needle3long.svg"
    Type="File"
    LastWriteTime="133645539228668229"
    Private="false" />
  <Object
    Path="C:\BRproject\Ag-Rover\Logical\mappView\Resources\Media\SymbolLib\Needle\Needle3short.svg"
    LogicalPath="mappView.Resources.Media.SymbolLib.Needle.Needle3short.svg"
    Type="File"
    LastWriteTime="133645539228668229"
    Private="false" />
  <Object
    Path="C:\BRproject\Ag-Rover\Logical\mappView\Resources\Media\SymbolLib\Needle\Needle4long.svg"
    LogicalPath="mappView.Resources.Media.SymbolLib.Needle.Needle4long.svg"
    Type="File"
    LastWriteTime="133645539228668229"
    Private="false" />
  <Object
    Path="C:\BRproject\Ag-Rover\Logical\mappView\Resources\Media\SymbolLib\Needle\Needle4short.svg"
    LogicalPath="mappView.Resources.Media.SymbolLib.Needle.Needle4short.svg"
    Type="File"
    LastWriteTime="133645539228668229"
    Private="false" />
  <Object
    Path="C:\BRproject\Ag-Rover\Logical\mappView\Resources\Media\SymbolLib\Symbols\Package.pkg"
    LogicalPath="mappView.Resources.Media.SymbolLib.Symbols"
    Type="Package"
    LastWriteTime="133645539228769280" />
  <Object
    Path="C:\BRproject\Ag-Rover\Logical\mappView\Resources\Media\SymbolLib\Symbols\Accept.svg"
    LogicalPath="mappView.Resources.Media.SymbolLib.Symbols.Accept.svg"
    Type="File"
    LastWriteTime="133645539228668229"
    Private="false" />
  <Object
    Path="C:\BRproject\Ag-Rover\Logical\mappView\Resources\Media\SymbolLib\Symbols\Button.svg"
    LogicalPath="mappView.Resources.Media.SymbolLib.Symbols.Button.svg"
    Type="File"
    LastWriteTime="133645539228668229"
    Private="false" />
  <Object
    Path="C:\BRproject\Ag-Rover\Logical\mappView\Resources\Media\SymbolLib\Symbols\Conveyor.svg"
    LogicalPath="mappView.Resources.Media.SymbolLib.Symbols.Conveyor.svg"
    Type="File"
    LastWriteTime="133645539228668229"
    Private="false" />
  <Object
    Path="C:\BRproject\Ag-Rover\Logical\mappView\Resources\Media\SymbolLib\Symbols\Download.svg"
    LogicalPath="mappView.Resources.Media.SymbolLib.Symbols.Download.svg"
    Type="File"
    LastWriteTime="133645539228668229"
    Private="false" />
  <Object
    Path="C:\BRproject\Ag-Rover\Logical\mappView\Resources\Media\SymbolLib\Symbols\Energy.svg"
    LogicalPath="mappView.Resources.Media.SymbolLib.Symbols.Energy.svg"
    Type="File"
    LastWriteTime="133645539228668229"
    Private="false" />
  <Object
    Path="C:\BRproject\Ag-Rover\Logical\mappView\Resources\Media\SymbolLib\Symbols\Engine.svg"
    LogicalPath="mappView.Resources.Media.SymbolLib.Symbols.Engine.svg"
    Type="File"
    LastWriteTime="133645539228668229"
    Private="false" />
  <Object
    Path="C:\BRproject\Ag-Rover\Logical\mappView\Resources\Media\SymbolLib\Symbols\EngineMove.svg"
    LogicalPath="mappView.Resources.Media.SymbolLib.Symbols.EngineMove.svg"
    Type="File"
    LastWriteTime="133645539228668229"
    Private="false" />
  <Object
    Path="C:\BRproject\Ag-Rover\Logical\mappView\Resources\Media\SymbolLib\Symbols\EngineReference.svg"
    LogicalPath="mappView.Resources.Media.SymbolLib.Symbols.EngineReference.svg"
    Type="File"
    LastWriteTime="133645539228668229"
    Private="false" />
  <Object
    Path="C:\BRproject\Ag-Rover\Logical\mappView\Resources\Media\SymbolLib\Symbols\Graph.svg"
    LogicalPath="mappView.Resources.Media.SymbolLib.Symbols.Graph.svg"
    Type="File"
    LastWriteTime="133645539228769280"
    Private="false" />
  <Object
    Path="C:\BRproject\Ag-Rover\Logical\mappView\Resources\Media\SymbolLib\Symbols\Hide.svg"
    LogicalPath="mappView.Resources.Media.SymbolLib.Symbols.Hide.svg"
    Type="File"
    LastWriteTime="133645539228769280"
    Private="false" />
  <Object
    Path="C:\BRproject\Ag-Rover\Logical\mappView\Resources\Media\SymbolLib\Symbols\Home.svg"
    LogicalPath="mappView.Resources.Media.SymbolLib.Symbols.Home.svg"
    Type="File"
    LastWriteTime="133645539228769280"
    Private="false" />
  <Object
    Path="C:\BRproject\Ag-Rover\Logical\mappView\Resources\Media\SymbolLib\Symbols\InProgress.svg"
    LogicalPath="mappView.Resources.Media.SymbolLib.Symbols.InProgress.svg"
    Type="File"
    LastWriteTime="133645539228769280"
    Private="false" />
  <Object
    Path="C:\BRproject\Ag-Rover\Logical\mappView\Resources\Media\SymbolLib\Symbols\Mail.svg"
    LogicalPath="mappView.Resources.Media.SymbolLib.Symbols.Mail.svg"
    Type="File"
    LastWriteTime="133645539228769280"
    Private="false" />
  <Object
    Path="C:\BRproject\Ag-Rover\Logical\mappView\Resources\Media\SymbolLib\Symbols\Max.svg"
    LogicalPath="mappView.Resources.Media.SymbolLib.Symbols.Max.svg"
    Type="File"
    LastWriteTime="133645539228769280"
    Private="false" />
  <Object
    Path="C:\BRproject\Ag-Rover\Logical\mappView\Resources\Media\SymbolLib\Symbols\Min.svg"
    LogicalPath="mappView.Resources.Media.SymbolLib.Symbols.Min.svg"
    Type="File"
    LastWriteTime="133645539228769280"
    Private="false" />
  <Object
    Path="C:\BRproject\Ag-Rover\Logical\mappView\Resources\Media\SymbolLib\Symbols\Mode.svg"
    LogicalPath="mappView.Resources.Media.SymbolLib.Symbols.Mode.svg"
    Type="File"
    LastWriteTime="133645539228769280"
    Private="false" />
  <Object
    Path="C:\BRproject\Ag-Rover\Logical\mappView\Resources\Media\SymbolLib\Symbols\Off.svg"
    LogicalPath="mappView.Resources.Media.SymbolLib.Symbols.Off.svg"
    Type="File"
    LastWriteTime="133645539228769280"
    Private="false" />
  <Object
    Path="C:\BRproject\Ag-Rover\Logical\mappView\Resources\Media\SymbolLib\Symbols\On.svg"
    LogicalPath="mappView.Resources.Media.SymbolLib.Symbols.On.svg"
    Type="File"
    LastWriteTime="133645539228769280"
    Private="false" />
  <Object
    Path="C:\BRproject\Ag-Rover\Logical\mappView\Resources\Media\SymbolLib\Symbols\PDF.svg"
    LogicalPath="mappView.Resources.Media.SymbolLib.Symbols.PDF.svg"
    Type="File"
    LastWriteTime="133645539228769280"
    Private="false" />
  <Object
    Path="C:\BRproject\Ag-Rover\Logical\mappView\Resources\Media\SymbolLib\Symbols\Remote1.svg"
    LogicalPath="mappView.Resources.Media.SymbolLib.Symbols.Remote1.svg"
    Type="File"
    LastWriteTime="133645539228769280"
    Private="false" />
  <Object
    Path="C:\BRproject\Ag-Rover\Logical\mappView\Resources\Media\SymbolLib\Symbols\Remote2.svg"
    LogicalPath="mappView.Resources.Media.SymbolLib.Symbols.Remote2.svg"
    Type="File"
    LastWriteTime="133645539228769280"
    Private="false" />
  <Object
    Path="C:\BRproject\Ag-Rover\Logical\mappView\Resources\Media\SymbolLib\Symbols\Remote3.svg"
    LogicalPath="mappView.Resources.Media.SymbolLib.Symbols.Remote3.svg"
    Type="File"
    LastWriteTime="133645539228769280"
    Private="false" />
  <Object
    Path="C:\BRproject\Ag-Rover\Logical\mappView\Resources\Media\SymbolLib\Symbols\Remote4.svg"
    LogicalPath="mappView.Resources.Media.SymbolLib.Symbols.Remote4.svg"
    Type="File"
    LastWriteTime="133645539228769280"
    Private="false" />
  <Object
    Path="C:\BRproject\Ag-Rover\Logical\mappView\Resources\Media\SymbolLib\Symbols\Reset.svg"
    LogicalPath="mappView.Resources.Media.SymbolLib.Symbols.Reset.svg"
    Type="File"
    LastWriteTime="133645539228769280"
    Private="false" />
  <Object
    Path="C:\BRproject\Ag-Rover\Logical\mappView\Resources\Media\SymbolLib\Symbols\Restart.svg"
    LogicalPath="mappView.Resources.Media.SymbolLib.Symbols.Restart.svg"
    Type="File"
    LastWriteTime="133645539228869644"
    Private="false" />
  <Object
    Path="C:\BRproject\Ag-Rover\Logical\mappView\Resources\Media\SymbolLib\Symbols\Robot.svg"
    LogicalPath="mappView.Resources.Media.SymbolLib.Symbols.Robot.svg"
    Type="File"
    LastWriteTime="133645539228869644"
    Private="false" />
  <Object
    Path="C:\BRproject\Ag-Rover\Logical\mappView\Resources\Media\SymbolLib\Symbols\Safety.svg"
    LogicalPath="mappView.Resources.Media.SymbolLib.Symbols.Safety.svg"
    Type="File"
    LastWriteTime="133645539228869644"
    Private="false" />
  <Object
    Path="C:\BRproject\Ag-Rover\Logical\mappView\Resources\Media\SymbolLib\Symbols\Server.svg"
    LogicalPath="mappView.Resources.Media.SymbolLib.Symbols.Server.svg"
    Type="File"
    LastWriteTime="133645539228869644"
    Private="false" />
  <Object
    Path="C:\BRproject\Ag-Rover\Logical\mappView\Resources\Media\SymbolLib\Symbols\Service.svg"
    LogicalPath="mappView.Resources.Media.SymbolLib.Symbols.Service.svg"
    Type="File"
    LastWriteTime="133645539228869644"
    Private="false" />
  <Object
    Path="C:\BRproject\Ag-Rover\Logical\mappView\Resources\Media\SymbolLib\Symbols\Settings.svg"
    LogicalPath="mappView.Resources.Media.SymbolLib.Symbols.Settings.svg"
    Type="File"
    LastWriteTime="133645539228869644"
    Private="false" />
  <Object
    Path="C:\BRproject\Ag-Rover\Logical\mappView\Resources\Media\SymbolLib\Symbols\Slider_Symbol.svg"
    LogicalPath="mappView.Resources.Media.SymbolLib.Symbols.Slider_Symbol.svg"
    Type="File"
    LastWriteTime="133645539228869644"
    Private="false" />
  <Object
    Path="C:\BRproject\Ag-Rover\Logical\mappView\Resources\Media\SymbolLib\Symbols\Start.svg"
    LogicalPath="mappView.Resources.Media.SymbolLib.Symbols.Start.svg"
    Type="File"
    LastWriteTime="133645539228869644"
    Private="false" />
  <Object
    Path="C:\BRproject\Ag-Rover\Logical\mappView\Resources\Media\SymbolLib\Symbols\Stop.svg"
    LogicalPath="mappView.Resources.Media.SymbolLib.Symbols.Stop.svg"
    Type="File"
    LastWriteTime="133645539228869644"
    Private="false" />
  <Object
    Path="C:\BRproject\Ag-Rover\Logical\mappView\Resources\Media\SymbolLib\Symbols\SystemSettings.svg"
    LogicalPath="mappView.Resources.Media.SymbolLib.Symbols.SystemSettings.svg"
    Type="File"
    LastWriteTime="133645539228869644"
    Private="false" />
  <Object
    Path="C:\BRproject\Ag-Rover\Logical\mappView\Resources\Media\SymbolLib\Symbols\Temperature.svg"
    LogicalPath="mappView.Resources.Media.SymbolLib.Symbols.Temperature.svg"
    Type="File"
    LastWriteTime="133645539228869644"
    Private="false" />
  <Object
    Path="C:\BRproject\Ag-Rover\Logical\mappView\Resources\Media\SymbolLib\Symbols\Tool.svg"
    LogicalPath="mappView.Resources.Media.SymbolLib.Symbols.Tool.svg"
    Type="File"
    LastWriteTime="133645539228869644"
    Private="false" />
  <Object
    Path="C:\BRproject\Ag-Rover\Logical\mappView\Resources\Media\SymbolLib\Symbols\TouchMe.svg"
    LogicalPath="mappView.Resources.Media.SymbolLib.Symbols.TouchMe.svg"
    Type="File"
    LastWriteTime="133645539228869644"
    Private="false" />
  <Object
    Path="C:\BRproject\Ag-Rover\Logical\mappView\Resources\Media\SymbolLib\Symbols\UnHide.svg"
    LogicalPath="mappView.Resources.Media.SymbolLib.Symbols.UnHide.svg"
    Type="File"
    LastWriteTime="133645539228969999"
    Private="false" />
  <Object
    Path="C:\BRproject\Ag-Rover\Logical\mappView\Resources\Media\SymbolLib\Symbols\Upload.svg"
    LogicalPath="mappView.Resources.Media.SymbolLib.Symbols.Upload.svg"
    Type="File"
    LastWriteTime="133645539228969999"
    Private="false" />
  <Object
    Path="C:\BRproject\Ag-Rover\Logical\mappView\Resources\Media\SymbolLib\Symbols\USB.svg"
    LogicalPath="mappView.Resources.Media.SymbolLib.Symbols.USB.svg"
    Type="File"
    LastWriteTime="133645539228969999"
    Private="false" />
  <Object
    Path="C:\BRproject\Ag-Rover\Logical\mappView\Resources\Media\SymbolLib\Symbols\Wait.svg"
    LogicalPath="mappView.Resources.Media.SymbolLib.Symbols.Wait.svg"
    Type="File"
    LastWriteTime="133645539228969999"
    Private="false" />
  <Object
    Path="C:\BRproject\Ag-Rover\Logical\mappView\Resources\Media\SymbolLib\Symbols\Webcam.svg"
    LogicalPath="mappView.Resources.Media.SymbolLib.Symbols.Webcam.svg"
    Type="File"
    LastWriteTime="133645539228969999"
    Private="false" />
  <Object
    Path="C:\BRproject\Ag-Rover\Logical\mappView\Resources\Media\SymbolLib\User\Package.pkg"
    LogicalPath="mappView.Resources.Media.SymbolLib.User"
    Type="Package"
    LastWriteTime="133645539228969999" />
  <Object
    Path="C:\BRproject\Ag-Rover\Logical\mappView\Resources\Media\SymbolLib\User\AddUser.svg"
    LogicalPath="mappView.Resources.Media.SymbolLib.User.AddUser.svg"
    Type="File"
    LastWriteTime="133645539228969999"
    Private="false" />
  <Object
    Path="C:\BRproject\Ag-Rover\Logical\mappView\Resources\Media\SymbolLib\User\DeleteUser.svg"
    LogicalPath="mappView.Resources.Media.SymbolLib.User.DeleteUser.svg"
    Type="File"
    LastWriteTime="133645539228969999"
    Private="false" />
  <Object
    Path="C:\BRproject\Ag-Rover\Logical\mappView\Resources\Media\SymbolLib\User\Lock.svg"
    LogicalPath="mappView.Resources.Media.SymbolLib.User.Lock.svg"
    Type="File"
    LastWriteTime="133645539228969999"
    Private="false" />
  <Object
    Path="C:\BRproject\Ag-Rover\Logical\mappView\Resources\Media\SymbolLib\User\Login.svg"
    LogicalPath="mappView.Resources.Media.SymbolLib.User.Login.svg"
    Type="File"
    LastWriteTime="133645539228969999"
    Private="false" />
  <Object
    Path="C:\BRproject\Ag-Rover\Logical\mappView\Resources\Media\SymbolLib\User\Logout.svg"
    LogicalPath="mappView.Resources.Media.SymbolLib.User.Logout.svg"
    Type="File"
    LastWriteTime="133645539228969999"
    Private="false" />
  <Object
    Path="C:\BRproject\Ag-Rover\Logical\mappView\Resources\Media\SymbolLib\User\NoAccessRights.svg"
    LogicalPath="mappView.Resources.Media.SymbolLib.User.NoAccessRights.svg"
    Type="File"
    LastWriteTime="133645539228969999"
    Private="false" />
  <Object
    Path="C:\BRproject\Ag-Rover\Logical\mappView\Resources\Media\SymbolLib\User\Unlock.svg"
    LogicalPath="mappView.Resources.Media.SymbolLib.User.Unlock.svg"
    Type="File"
    LastWriteTime="133645539228969999"
    Private="false" />
  <Object
    Path="C:\BRproject\Ag-Rover\Logical\mappView\Resources\Media\SymbolLib\User\User.svg"
    LogicalPath="mappView.Resources.Media.SymbolLib.User.User.svg"
    Type="File"
    LastWriteTime="133645539228969999"
    Private="false" />
  <Object
    Path="C:\BRproject\Ag-Rover\Logical\mappView\Resources\Media\SymbolLib\User\UserGroup.svg"
    LogicalPath="mappView.Resources.Media.SymbolLib.User.UserGroup.svg"
    Type="File"
    LastWriteTime="133645539228969999"
    Private="false" />
  <Object
    Path="C:\BRproject\Ag-Rover\Logical\mappView\Visualization\Package.pkg"
    LogicalPath="mappView.Visualization"
    Type="Package"
    LastWriteTime="133645539229070053" />
  <Object
    Path="C:\BRproject\Ag-Rover\Logical\mappView\Visualization\Pages\Package.pkg"
    LogicalPath="mappView.Visualization.Pages"
    Type="Package"
    LastWriteTime="133645539229170002" />
  <Object
    Path="C:\BRproject\Ag-Rover\Logical\mappView\Visualization\Pages\AreaContents\Package.pkg"
    LogicalPath="mappView.Visualization.Pages.AreaContents"
    Type="Package"
    LastWriteTime="133645539229170002" />
  <Object
    Path="C:\BRproject\Ag-Rover\Logical\mappView\Visualization\Pages\AreaContents\ContentTitle.content"
    LogicalPath="mappView.Visualization.Pages.AreaContents.ContentTitle.content"
    Type="File"
    LastWriteTime="133645539229070053"
    Private="false" />
  <Object
    Path="C:\BRproject\Ag-Rover\Logical\mappView\Visualization\Pages\AreaContents\ContentNavbar.content"
    LogicalPath="mappView.Visualization.Pages.AreaContents.ContentNavbar.content"
    Type="File"
    LastWriteTime="133645539229070053"
    Private="false" />
  <Object
    Path="C:\BRproject\Ag-Rover\Logical\mappView\Visualization\Pages\MainPage\Package.pkg"
    LogicalPath="mappView.Visualization.Pages.MainPage"
    Type="Package"
    LastWriteTime="133645539229170002" />
  <Object
    Path="C:\BRproject\Ag-Rover\Logical\mappView\Visualization\Pages\MainPage\Page.page"
    LogicalPath="mappView.Visualization.Pages.MainPage.Page.page"
    Type="File"
    LastWriteTime="133645539229170002"
    Private="false" />
  <Object
    Path="C:\BRproject\Ag-Rover\Logical\mappView\Visualization\Pages\MainPage\MainArea.content"
    LogicalPath="mappView.Visualization.Pages.MainPage.MainArea.content"
    Type="File"
    LastWriteTime="133645539229170002"
    Private="false" />
  <Object
    Path="C:\BRproject\Ag-Rover\Logical\mappView\Visualization\Variables\Package.pkg"
    LogicalPath="mappView.Visualization.Variables"
    Type="Package"
    LastWriteTime="133645539229170002" />
  <Object
    Path="C:\BRproject\Ag-Rover\Logical\mappView\Visualization\Expressions\Package.pkg"
    LogicalPath="mappView.Visualization.Expressions"
    Type="Package"
    LastWriteTime="133645539229070053" />
  <Object
    Path="C:\BRproject\Ag-Rover\Logical\mappView\Visualization\Layouts\Package.pkg"
    LogicalPath="mappView.Visualization.Layouts"
    Type="Package"
    LastWriteTime="133645539229070053" />
  <Object
    Path="C:\BRproject\Ag-Rover\Logical\mappView\Visualization\Layouts\Agrolayout.layout"
    LogicalPath="mappView.Visualization.Layouts.Agrolayout.layout"
    Type="File"
    LastWriteTime="133645539229070053"
    Private="false" />
  <Object
    Path="C:\BRproject\Ag-Rover\Logical\mappView\Visualization\Dialogs\Package.pkg"
    LogicalPath="mappView.Visualization.Dialogs"
    Type="Package"
    LastWriteTime="133645539229070053" />
  <Object
    Path="C:\BRproject\Ag-Rover\Logical\mappView\Visualization\Dialogs\AreaContents\Package.pkg"
    LogicalPath="mappView.Visualization.Dialogs.AreaContents"
    Type="Package"
    LastWriteTime="133645539229070053" />
  <Object
    Path="C:\BRproject\Ag-Rover\Logical\mappView\Visualization\Resources\Package.pkg"
    LogicalPath="mappView.Visualization.Resources"
    Type="Package"
    LastWriteTime="133645539229170002" />
  <Object
    Path="C:\BRproject\Ag-Rover\Logical\mappView\Visualization\Resources\Texts\Package.pkg"
    LogicalPath="mappView.Visualization.Resources.Texts"
    Type="Package"
    LastWriteTime="133645539229170002" />
  <Object
    Path="C:\BRproject\Ag-Rover\Logical\mappView\Visualization\Resources\Snippets\Package.pkg"
    LogicalPath="mappView.Visualization.Resources.Snippets"
    Type="Package"
    LastWriteTime="133645539229170002" />
  <Object
    Path="C:\BRproject\Ag-Rover\Physical\Config1\Config.pkg"
    LogicalPath="Config1"
    Type="Configuration.ParentUnknown"
    LastWriteTime="133645539229271192" />
  <Object
    Path="C:\BRproject\Ag-Rover\Physical\Config1\Hardware.hw"
    LogicalPath="Config1.Hardware.hw"
    Type="File"
    LastWriteTime="133645539229271192"
    Private="false" />
  <Object
    Path="C:\BRproject\Ag-Rover\Physical\Config1\Hardware.hwl"
    LogicalPath="Config1.Hardware.hwl"
    Type="File"
    LastWriteTime="133645539229271192"
    Private="false" />
  <Object
    Path="C:\BRproject\Ag-Rover\Physical\Config1\X20CP1586\Cpu.pkg"
    LogicalPath="Config1.X20CP1586"
    Type="Cpu"
    LastWriteTime="133645539229471984" />
  <Object
    Path="C:\BRproject\Ag-Rover\Physical\Config1\X20CP1586\Cpu.sw"
    LogicalPath="Config1.X20CP1586.Cpu.sw"
    Type="File"
    LastWriteTime="133645539229471984"
    Private="false" />
  <Object
    Path="C:\BRproject\Ag-Rover\Physical\Config1\X20CP1586\Cpu.per"
    LogicalPath="Config1.X20CP1586.Cpu.per"
    Type="File"
    LastWriteTime="133645539229471984"
    Private="false" />
  <Object
    Path="C:\BRproject\Ag-Rover\Physical\Config1\X20CP1586\IoMap.iom"
    LogicalPath="Config1.X20CP1586.IoMap.iom"
    Type="File"
    LastWriteTime="133645539229471984"
    Private="false" />
  <Object
    Path="C:\BRproject\Ag-Rover\Physical\Config1\X20CP1586\PvMap.vvm"
    LogicalPath="Config1.X20CP1586.PvMap.vvm"
    Type="File"
    LastWriteTime="133645539229471984"
    Private="false" />
  <Object
    Path="C:\BRproject\Ag-Rover\Physical\Config1\X20CP1586\Connectivity\Package.pkg"
    LogicalPath="Config1.X20CP1586.Connectivity"
    Type="Package"
    LastWriteTime="133645539229471984" />
  <Object
    Path="C:\BRproject\Ag-Rover\Physical\Config1\X20CP1586\Connectivity\OpcUA\Package.pkg"
    LogicalPath="Config1.X20CP1586.Connectivity.OpcUA"
    Type="Package"
    LastWriteTime="133645539229371531" />
  <Object
    Path="C:\BRproject\Ag-Rover\Physical\Config1\X20CP1586\Connectivity\OpcUA\OpcUaMap.uad"
    LogicalPath="Config1.X20CP1586.Connectivity.OpcUA.OpcUaMap.uad"
    Type="File"
    LastWriteTime="133645539229371531"
    Private="false" />
  <Object
    Path="C:\BRproject\Ag-Rover\Physical\Config1\X20CP1586\Connectivity\OpcUaFx\Package.pkg"
    LogicalPath="Config1.X20CP1586.Connectivity.OpcUaFx"
    Type="Package"
    LastWriteTime="133645539229471984" />
  <Object
    Path="C:\BRproject\Ag-Rover\Physical\Config1\X20CP1586\TextSystem\Package.pkg"
    LogicalPath="Config1.X20CP1586.TextSystem"
    Type="Package"
    LastWriteTime="133645539229471984" />
  <Object
    Path="C:\BRproject\Ag-Rover\Physical\Config1\X20CP1586\UnitSystem\Package.pkg"
    LogicalPath="Config1.X20CP1586.UnitSystem"
    Type="Package"
    LastWriteTime="133645539229471984" />
  <Object
    Path="C:\BRproject\Ag-Rover\Physical\Config1\X20CP1586\AccessAndSecurity\Package.pkg"
    LogicalPath="Config1.X20CP1586.AccessAndSecurity"
    Type="Package"
    LastWriteTime="133645539229371531" />
  <Object
    Path="C:\BRproject\Ag-Rover\Physical\Config1\X20CP1586\AccessAndSecurity\UserRoleSystem\Package.pkg"
    LogicalPath="Config1.X20CP1586.AccessAndSecurity.UserRoleSystem"
    Type="Package"
    LastWriteTime="133645539229371531" />
  <Object
    Path="C:\BRproject\Ag-Rover\Physical\Config1\X20CP1586\AccessAndSecurity\UserRoleSystem\Role.role"
    LogicalPath="Config1.X20CP1586.AccessAndSecurity.UserRoleSystem.Role.role"
    Type="File"
    LastWriteTime="133645539229371531"
    Private="false" />
  <Object
    Path="C:\BRproject\Ag-Rover\Physical\Config1\X20CP1586\AccessAndSecurity\UserRoleSystem\User.user"
    LogicalPath="Config1.X20CP1586.AccessAndSecurity.UserRoleSystem.User.user"
    Type="File"
    LastWriteTime="133645539229371531"
    Private="false" />
  <Object
    Path="C:\BRproject\Ag-Rover\Physical\Config1\X20CP1586\AccessAndSecurity\CertificateStore\Package.pkg"
    LogicalPath="Config1.X20CP1586.AccessAndSecurity.CertificateStore"
    Type="Package"
    LastWriteTime="133645539229371531" />
  <Object
    Path="C:\BRproject\Ag-Rover\Physical\Config1\X20CP1586\AccessAndSecurity\CertificateStore\OwnCertificates\Package.pkg"
    LogicalPath="Config1.X20CP1586.AccessAndSecurity.CertificateStore.OwnCertificates"
    Type="Package"
    LastWriteTime="133645539229271192" />
  <Object
    Path="C:\BRproject\Ag-Rover\Physical\Config1\X20CP1586\AccessAndSecurity\CertificateStore\OwnCertificates\Certificates\Package.pkg"
    LogicalPath="Config1.X20CP1586.AccessAndSecurity.CertificateStore.OwnCertificates.Certificates"
    Type="Package"
    LastWriteTime="133645539229271192" />
  <Object
    Path="C:\BRproject\Ag-Rover\Physical\Config1\X20CP1586\AccessAndSecurity\CertificateStore\OwnCertificates\PrivateKeys\Package.pkg"
    LogicalPath="Config1.X20CP1586.AccessAndSecurity.CertificateStore.OwnCertificates.PrivateKeys"
    Type="Package"
    LastWriteTime="133645539229371531" />
  <Object
    Path="C:\BRproject\Ag-Rover\Physical\Config1\X20CP1586\AccessAndSecurity\CertificateStore\ThirdPartyCertificates\Package.pkg"
    LogicalPath="Config1.X20CP1586.AccessAndSecurity.CertificateStore.ThirdPartyCertificates"
    Type="Package"
    LastWriteTime="133645539229371531" />
  <Object
    Path="C:\BRproject\Ag-Rover\Physical\Config1\X20CP1586\AccessAndSecurity\CertificateStore\ThirdPartyCertificates\SoftwareCertificates\Package.pkg"
    LogicalPath="Config1.X20CP1586.AccessAndSecurity.CertificateStore.ThirdPartyCertificates.SoftwareCertificates"
    Type="Package"
    LastWriteTime="133645539229371531" />
  <Object
    Path="C:\BRproject\Ag-Rover\Physical\Config1\X20CP1586\AccessAndSecurity\CertificateStore\CertificateRevocationLists\Package.pkg"
    LogicalPath="Config1.X20CP1586.AccessAndSecurity.CertificateStore.CertificateRevocationLists"
    Type="Package"
    LastWriteTime="133645539229271192" />
  <Object
    Path="C:\BRproject\Ag-Rover\Physical\Config1\X20CP1586\AccessAndSecurity\CertificateStore\CertificateSigningRequests\Package.pkg"
    LogicalPath="Config1.X20CP1586.AccessAndSecurity.CertificateStore.CertificateSigningRequests"
    Type="Package"
    LastWriteTime="133645539229271192" />
  <Object
    Path="C:\BRproject\Ag-Rover\Physical\Config1\X20CP1586\AccessAndSecurity\TransportLayerSecurity\Package.pkg"
    LogicalPath="Config1.X20CP1586.AccessAndSecurity.TransportLayerSecurity"
    Type="Package"
    LastWriteTime="133645539229371531" />
  <Object
    Path="C:\BRproject\Ag-Rover\Physical\Config1\X20CP1586\AccessAndSecurity\Firewall\Package.pkg"
    LogicalPath="Config1.X20CP1586.AccessAndSecurity.Firewall"
    Type="Package"
    LastWriteTime="133645539229371531" />
  <Object
    Path="C:\BRproject\Ag-Rover\Physical\Config1\X20CP1586\AccessAndSecurity\Firewall\Rules.firewallRules"
    LogicalPath="Config1.X20CP1586.AccessAndSecurity.Firewall.Rules.firewallRules"
    Type="File"
    LastWriteTime="133645539229371531"
    Private="false" />
  <Object
    Path="C:\BRproject\Ag-Rover\Physical\Config1\X20CP1586\mappControl\Package.pkg"
    LogicalPath="Config1.X20CP1586.mappControl"
    Type="Package"
    LastWriteTime="133645539229471984" />
  <Object
    Path="C:\BRproject\Ag-Rover\Physical\Config1\X20CP1586\mappMotion\Package.pkg"
    LogicalPath="Config1.X20CP1586.mappMotion"
    Type="Package"
    LastWriteTime="133645539229571794" />
  <Object
    Path="C:\BRproject\Ag-Rover\Physical\Config1\X20CP1586\mappMotion\Config_1.axis"
    LogicalPath="Config1.X20CP1586.mappMotion.Config_1.axis"
    Type="File"
    LastWriteTime="133645539229471984"
    Private="false" />
  <Object
    Path="C:\BRproject\Ag-Rover\Physical\Config1\X20CP1586\mappMotion\Config_2.axis"
    LogicalPath="Config1.X20CP1586.mappMotion.Config_2.axis"
    Type="File"
    LastWriteTime="133645539229471984"
    Private="false" />
  <Object
    Path="C:\BRproject\Ag-Rover\Physical\Config1\X20CP1586\mappMotion\Config_3.axis"
    LogicalPath="Config1.X20CP1586.mappMotion.Config_3.axis"
    Type="File"
    LastWriteTime="133645539229571794"
    Private="false" />
  <Object
    Path="C:\BRproject\Ag-Rover\Physical\Config1\X20CP1586\mappMotion\Config_4.axis"
    LogicalPath="Config1.X20CP1586.mappMotion.Config_4.axis"
    Type="File"
    LastWriteTime="133645539229571794"
    Private="false" />
  <Object
    Path="C:\BRproject\Ag-Rover\Physical\Config1\X20CP1586\mappServices\Package.pkg"
    LogicalPath="Config1.X20CP1586.mappServices"
    Type="Package"
    LastWriteTime="133645539229571794" />
  <Object
    Path="C:\BRproject\Ag-Rover\Physical\Config1\X20CP1586\mappSafety\Package.pkg"
    LogicalPath="Config1.X20CP1586.mappSafety"
    Type="Package"
    LastWriteTime="133645539229571794" />
  <Object
    Path="C:\BRproject\Ag-Rover\Physical\Config1\X20CP1586\mappSafety\SafeApplication\Package.pkg"
    LogicalPath="Config1.X20CP1586.mappSafety.SafeApplication"
    Type="Package"
    LastWriteTime="133645539229571794" />
  <Object
    Path="C:\BRproject\Ag-Rover\Physical\Config1\X20CP1586\mappSafety\SafeCommissioning\Package.pkg"
    LogicalPath="Config1.X20CP1586.mappSafety.SafeCommissioning"
    Type="Package"
    LastWriteTime="133645539229571794" />
  <Object
    Path="C:\BRproject\Ag-Rover\Physical\Config1\X20CP1586\mappView\Package.pkg"
    LogicalPath="Config1.X20CP1586.mappView"
    Type="Package"
    LastWriteTime="133645539229571794" />
  <Object
    Path="C:\BRproject\Ag-Rover\Physical\Config1\X20CP1586\mappView\Config.mappviewcfg"
    LogicalPath="Config1.X20CP1586.mappView.Config.mappviewcfg"
    Type="File"
    LastWriteTime="133645539229571794"
    Private="false" />
  <Object
    Path="C:\BRproject\Ag-Rover\Physical\Config1\X20CP1586\mappView\contenttitle.binding"
    LogicalPath="Config1.X20CP1586.mappView.contenttitle.binding"
    Type="File"
    LastWriteTime="133645539229571794"
    Private="false" />
  <Object
    Path="C:\BRproject\Ag-Rover\Physical\Config1\X20CP1586\mappView\Visualizat.vis"
    LogicalPath="Config1.X20CP1586.mappView.Visualizat.vis"
    Type="File"
    LastWriteTime="133645539229571794"
    Private="false" />
  <Object
    Path="C:\BRproject\Ag-Rover\Physical\Config1\X20CP1586\mappView\content_0.binding"
    LogicalPath="Config1.X20CP1586.mappView.content_0.binding"
    Type="File"
    LastWriteTime="133645539229571794"
    Private="false" />
  <Object
    Path="C:\BRproject\Ag-Rover\Physical\Config1\X20CP1586\mappVision\Package.pkg"
    LogicalPath="Config1.X20CP1586.mappVision"
    Type="Package"
    LastWriteTime="133645539229571794" />
  <Object
    Path="C:\BRproject\Ag-Rover\Physical\Config1\X20CP1586\mappCockpit\Package.pkg"
    LogicalPath="Config1.X20CP1586.mappCockpit"
    Type="Package"
    LastWriteTime="133645539229471984" />
  <Object
    Path="C:\BRproject\Ag-Rover\Physical\Config1\X20CP1586\VC\Package.pkg"
    LogicalPath="Config1.X20CP1586.VC"
    Type="Package"
    LastWriteTime="133645539229471984" />
  <Object
    Path="C:\BRproject\Ag-Rover\Physical\Config1\Hardware.jpg"
    LogicalPath="Config1.Hardware.jpg"
    Type="File"
    LastWriteTime="133645539229271192"
    Private="false" />
</Objects>